[2026-01-29 10:47:46] Database connected
[2026-01-29 10:47:46] SUCCESS: LinkedAI (ID: 471626f8-6056-47ad-8131-d92c78785edb)
[2026-01-29 10:47:46] SUCCESS: LinkedIn Sales Navigator (ID: fe05c473-e50b-447e-b307-9251c69bec9e)
[2026-01-29 10:47:46] 
================================================================================
[2026-01-29 10:47:46] Tier 1 Import Complete - First 2 tools added
[2026-01-29 10:47:46] ================================================================================
[2026-01-29 10:52:40] ================================================================================
[2026-01-29 10:52:40] TIER 1 IMPORT - 10 Must-Have LinkedIn Tools
[2026-01-29 10:52:40] ================================================================================
[2026-01-29 10:52:40] 
[3/10] Processing: Clay
[2026-01-29 10:52:40] ✓ Clay (ID: 046e5134-e6f1-4225-bdad-6039d1da37fa)
[2026-01-29 10:52:40] 
[4/10] Processing: Apollo.io
[2026-01-29 10:52:40] ✓ Apollo.io (ID: 5cdc034b-261d-4daf-a381-fa1f8598ebe9)
[2026-01-29 10:52:40] 
[5/10] Processing: Hunter
[2026-01-29 10:52:40] ✓ Hunter (ID: 035664c7-aab2-409b-be7d-638b1f196846)
[2026-01-29 10:52:40] 
================================================================================
[2026-01-29 10:52:40] Added 3 tools successfully
[2026-01-29 10:52:40] ================================================================================
[2026-01-29 10:57:11] ================================================================================
[2026-01-29 10:57:11] TIER 1 IMPORT - Final 5 Tools (6-10)
[2026-01-29 10:57:11] ================================================================================
[2026-01-29 10:57:11] 
[6/10] Processing: Clearbit
[2026-01-29 10:57:11] ✓ Clearbit (ID: e83a0cba-1549-4ef4-a03c-3660a63c1f11)
[2026-01-29 10:57:11] 
[7/10] Processing: Phantombuster
[2026-01-29 10:57:11] ✓ Phantombuster (ID: 843473db-2af9-4d12-bdf5-d6e37298be24)
[2026-01-29 10:57:11] 
[8/10] Processing: Dripify
[2026-01-29 10:57:11] ✓ Dripify (ID: 9c8fb6f5-8709-45fc-bb49-3c2302549ec2)
[2026-01-29 10:57:11] 
[9/10] Processing: Waalaxy
[2026-01-29 10:57:11] ✓ Waalaxy (ID: 3a9e890d-1ca8-453a-8cc2-2c0a9619bb91)
[2026-01-29 10:57:11] 
[10/10] Processing: Expandi
[2026-01-29 10:57:11] ✓ Expandi (ID: 5ba7fed4-866b-4b9b-855b-3cba27b44d16)
[2026-01-29 10:57:11] 
================================================================================
[2026-01-29 10:57:11] TIER 1 COMPLETE!
[2026-01-29 10:57:11] Added 5 tools in this batch
[2026-01-29 10:57:11] Total Tier 1 tools: 10 (LinkedAI, Sales Navigator, Clay, Apollo, Hunter,
[2026-01-29 10:57:11]                        Clearbit, Phantombuster, Dripify, Waalaxy, Expandi)
[2026-01-29 10:57:11] ================================================================================
