=== LinkedIn Tools Import - Tier 2 ===
Started: 2026-01-29 11:11:57.146003
Target: 20 tools (Tier 2)

✓ Database connection established

[1/20] Processing: Lemlist
  ✓ Successfully added (ID: 7954d370-bfa0-49a3-9c2c-2d71d552e626)
  - Category: prospecting-outreach
  - Pricing: $59.0-$99.0/mo
  - Rating: 4.6/5.0
  - Safety: 4/5

[2/20] Processing: Zopto
  ✓ Successfully added (ID: 74fd7993-3c4f-49a5-b7cb-d4987666e69a)
  - Category: automation-workflows
  - Pricing: $197.0-$497.0/mo
  - Rating: 4.3/5.0
  - Safety: 2/5

[3/20] Processing: Octopus CRM
  ✓ Successfully added (ID: 4701fc7d-e6c9-4c4d-9ef4-be52ce63e3c8)
  - Category: automation-workflows
  - Pricing: $9.99-$39.99/mo
  - Rating: 4.2/5.0
  - Safety: 2/5

[4/20] Processing: LinkedHelper
  ✓ Successfully added (ID: 0f93f978-d486-40eb-815b-7495cde64875)
  - Category: automation-workflows
  - Pricing: $15.0-$45.0/mo
  - Rating: 4.1/5.0
  - Safety: 2/5

[5/20] Processing: We-Connect
  ✓ Successfully added (ID: a2fee093-1416-4189-a598-3ac4df0c92fd)
  - Category: automation-workflows
  - Pricing: $49.0-$99.0/mo
  - Rating: 4.4/5.0
  - Safety: 3/5

[6/20] Processing: Linked Radar
  ✓ Successfully added (ID: 58b46cef-08a3-4472-bb1b-96fbed2c92b8)
  - Category: automation-workflows
  - Pricing: $29.0-$79.0/mo
  - Rating: 4.0/5.0
  - Safety: 3/5

[7/20] Processing: Salesflow
  ✓ Successfully added (ID: 2ac78d68-910c-4af7-989a-52533baa1079)
  - Category: automation-workflows
  - Pricing: $99.0-$199.0/mo
  - Rating: 4.2/5.0
  - Safety: 2/5

[8/20] Processing: Leonard
  ✓ Successfully added (ID: dd21ebcd-432f-4511-ae52-5a5ae5a1c3d8)
  - Category: prospecting-outreach
  - Pricing: $49.0-$149.0/mo
  - Rating: 4.1/5.0
  - Safety: 2/5

[9/20] Processing: Skipio
  ✓ Successfully added (ID: fa77e5c8-56c0-4761-92e6-f4e32ca24c7e)
  - Category: prospecting-outreach
  - Pricing: $65.0-$165.0/mo
  - Rating: 4.3/5.0
  - Safety: 3/5

[10/20] Processing: MeetAlfred
  ✓ Successfully added (ID: 916a39be-39fc-4890-a960-5341510ba090)
  - Category: automation-workflows
  - Pricing: $49.0-$119.0/mo
  - Rating: 4.3/5.0
  - Safety: 2/5

[11/20] Processing: Lusha
  ✓ Successfully added (ID: 3dc4a766-5b35-46f7-8a9b-6e75ebf5e53f)
  - Category: data-intelligence
  - Pricing: $0.0-$99.0/mo
  - Rating: 4.5/5.0
  - Safety: 5/5

[12/20] Processing: ZoomInfo
  ✓ Successfully added (ID: c0328eda-a735-4468-b485-81f263b0929f)
  - Category: data-intelligence
  - Pricing: $250.0-$2000.0/mo
  - Rating: 4.6/5.0
  - Safety: 5/5

[13/20] Processing: Snov.io
  ✓ Successfully added (ID: e7b34770-c251-4cb3-9cb1-36be5552991d)
  - Category: data-intelligence
  - Pricing: $0.0-$99.0/mo
  - Rating: 4.4/5.0
  - Safety: 5/5

[14/20] Processing: Kaspr
  ✓ Successfully added (ID: 42bd7745-5a19-4e18-9448-3d2b1c054325)
  - Category: data-intelligence
  - Pricing: $0.0-$65.0/mo
  - Rating: 4.5/5.0
  - Safety: 5/5

[15/20] Processing: RocketReach
  ✓ Successfully added (ID: 373ad74f-323b-4e5c-8578-d40884a92f46)
  - Category: data-intelligence
  - Pricing: $0.0-$249.0/mo
  - Rating: 4.4/5.0
  - Safety: 5/5

[16/20] Processing: LeadIQ
  ✓ Successfully added (ID: ee185f46-57ce-477a-ac82-2902bdf0f78f)
  - Category: data-intelligence
  - Pricing: $0.0-$99.0/mo
  - Rating: 4.5/5.0
  - Safety: 5/5

[17/20] Processing: Seamless.AI
  ✓ Successfully added (ID: ad9397f6-5c43-484d-9948-15c30123299d)
  - Category: data-intelligence
  - Pricing: $0.0-$147.0/mo
  - Rating: 4.3/5.0
  - Safety: 5/5

[18/20] Processing: Cognism
  ✓ Successfully added (ID: 5a8f21cf-83cf-4ecf-9843-4b9585e6543c)
  - Category: data-intelligence
  - Pricing: $199.0-$799.0/mo
  - Rating: 4.6/5.0
  - Safety: 5/5

[19/20] Processing: PhantomBuster
  ✓ Successfully added (ID: d34e0e2a-694c-41e7-b51d-ed6825d8e1d0)
  - Category: automation-workflows
  - Pricing: $0.0-$439.0/mo
  - Rating: 4.3/5.0
  - Safety: 3/5

[20/20] Processing: Surfe
  ✓ Successfully added (ID: e4107b3a-1ea8-42b2-b204-aee3e6710ec7)
  - Category: data-intelligence
  - Pricing: $0.0-$49.0/mo
  - Rating: 4.6/5.0
  - Safety: 5/5


=== Import Complete ===
Finished: 2026-01-29 11:11:57.207244
Success: 20/20
Errors: 0/20
